<?xml version="1.0" encoding="UTF-8"?>
<!-- Generated by org.testng.reporters.JUnitXMLReporter -->
<testsuite ignored="0" hostname="Himanshus-MacBook-Pro.local" failures="1" tests="3" name="Error Validation Test" time="22.858" errors="0" timestamp="2026-02-27T21:14:45 GMT+05:30">
  <testcase classname="rahulshettyacademy.Test.ErrorValidationsTest" name="LoginErrorValidation" time="0.741">
    <skipped/>
  </testcase> <!-- LoginErrorValidation -->
  <testcase classname="rahulshettyacademy.Test.ErrorValidationsTest" name="LoginErrorValidation" time="0.723">
    <failure type="java.lang.AssertionError" message="expected [Incorrect email or password.] but found [Incorrect email  password.]">
      <![CDATA[java.lang.AssertionError: expected [Incorrect email or password.] but found [Incorrect email  password.]
at rahulshettyacademy.Test.ErrorValidationsTest.LoginErrorValidation(ErrorValidationsTest.java:33)
at java.base/java.util.ArrayList.forEach(ArrayList.java:1596)
at java.base/java.util.concurrent.FutureTask.run(FutureTask.java:317)
at java.base/java.util.concurrent.ThreadPoolExecutor.runWorker(ThreadPoolExecutor.java:1144)
at java.base/java.util.concurrent.ThreadPoolExecutor$Worker.run(ThreadPoolExecutor.java:642)
at java.base/java.lang.Thread.run(Thread.java:1583)
... Removed 21 stack frames]]>
    </failure>
  </testcase> <!-- LoginErrorValidation -->
  <testcase classname="rahulshettyacademy.Test.ErrorValidationsTest" name="submitOrder" time="6.388"/>
</testsuite> <!-- Error Validation Test -->
