<?xml version="1.0" encoding="UTF-8"?>
<!-- Generated by org.testng.reporters.JUnitXMLReporter -->
<testsuite ignored="0" hostname="Himanshus-MacBook-Pro.local" failures="0" tests="3" name="Submit Order Test" time="30.417" errors="0" timestamp="2026-02-27T21:14:52 GMT+05:30">
  <testcase classname="rahulshettyacademy.Test.SubmitOrderTest" name="submitOrder" time="8.146"/>
  <testcase classname="rahulshettyacademy.Test.SubmitOrderTest" name="submitOrder" time="7.7"/>
  <testcase classname="rahulshettyacademy.Test.SubmitOrderTest" name="orderHistoryTest" time="3.313"/>
</testsuite> <!-- Submit Order Test -->
