<?xml version="1.0" encoding="UTF-8"?>
<!-- Generated by org.testng.reporters.JUnitXMLReporter -->
<testsuite ignored="0" hostname="Himanshus-MacBook-Pro.local" failures="0" tests="2" name="Error Validation Test" time="0.413" errors="0" timestamp="2026-03-05T01:23:58 IST">
  <testcase classname="rahulshettyacademy.Test.ErrorValidationsTest" name="LoginErrorValidation" time="0.0">
    <skipped/>
  </testcase> <!-- LoginErrorValidation -->
  <testcase classname="rahulshettyacademy.Test.ErrorValidationsTest" name="submitOrder" time="0.0">
    <skipped/>
  </testcase> <!-- submitOrder -->
</testsuite> <!-- Error Validation Test -->
