<?xml version="1.0" encoding="UTF-8"?>
<testsuite xmlns:xsi="http://www.w3.org/2001/XMLSchema-instance" xsi:noNamespaceSchemaLocation="https://maven.apache.org/surefire/maven-surefire-plugin/xsd/surefire-test-report.xsd" version="3.0.2" name="cucumber.TestNGTestRunner" time="73.163" tests="1" errors="0" skipped="0" failures="1" flakes="0">
  <properties>
[...]
</properties>
  <testcase name="runScenario[&quot;Positive Test of Submitting the order&quot;, &quot;Purchase the order from Ecommerce Website&quot;](1)" classname="cucumber.TestNGTestRunner" time="72.799">
    <failure message="Element &lt;button class=&quot;btn btn-custom&quot;&gt; is not clickable at point (1270,133) because another element &lt;div class=&quot;ngx-spinner-overlay ng-tns-c31-1 ng-trigger ng-trigger-fadeIn ng-star-inserted ng-animating&quot;&gt; obscures it&#10;Build info: version: &apos;4.41.0&apos;, revision: &apos;9fc754f&apos;&#10;System info: os.name: &apos;Mac OS X&apos;, os.arch: &apos;aarch64&apos;, os.version: &apos;26.2&apos;, java.version: &apos;25.0.1&apos;&#10;Driver info: org.openqa.selenium.firefox.FirefoxDriver&#10;Command: [d1722aa3-3c47-487f-807a-33b64a1a8ea7, clickElement {id=02959423-5be9-4fd9-8376-c2e210b06a6c}]&#10;Capabilities {acceptInsecureCerts: true, browserName: firefox, browserVersion: 147.0.2, moz:accessibilityChecks: false, moz:buildID: 20260126151322, moz:geckodriverVersion: 0.36.0, moz:headless: false, moz:platformVersion: 25.2.0, moz:processID: 4061, moz:profile: /var/folders/8n/x2j8b7vj2qd..., moz:shutdownTimeout: 60000, moz:webdriverClick: true, moz:windowless: false, pageLoadStrategy: normal, platformName: mac, proxy: Proxy(), setWindowRect: true, strictFileInteractability: false, timeouts: {implicit: 0, pageLoad: 300000, script: 30000}, unhandledPromptBehavior: dismiss and notify, userAgent: Mozilla/5.0 (Macintosh; Int...}&#10;Element: [[FirefoxDriver: firefox on mac (d1722aa3-3c47-487f-807a-33b64a1a8ea7)] -&gt; css selector: [routerlink*=&apos;cart&apos;]]&#10;Session ID: d1722aa3-3c47-487f-807a-33b64a1a8ea7" type="org.openqa.selenium.ElementClickInterceptedException"><![CDATA[org.openqa.selenium.ElementClickInterceptedException: 
Element <button class="btn btn-custom"> is not clickable at point (1270,133) because another element <div class="ngx-spinner-overlay ng-tns-c31-1 ng-trigger ng-trigger-fadeIn ng-star-inserted ng-animating"> obscures it
Build info: version: '4.41.0', revision: '9fc754f'
System info: os.name: 'Mac OS X', os.arch: 'aarch64', os.version: '26.2', java.version: '25.0.1'
Driver info: org.openqa.selenium.firefox.FirefoxDriver
Command: [d1722aa3-3c47-487f-807a-33b64a1a8ea7, clickElement {id=02959423-5be9-4fd9-8376-c2e210b06a6c}]
Capabilities {acceptInsecureCerts: true, browserName: firefox, browserVersion: 147.0.2, moz:accessibilityChecks: false, moz:buildID: 20260126151322, moz:geckodriverVersion: 0.36.0, moz:headless: false, moz:platformVersion: 25.2.0, moz:processID: 4061, moz:profile: /var/folders/8n/x2j8b7vj2qd..., moz:shutdownTimeout: 60000, moz:webdriverClick: true, moz:windowless: false, pageLoadStrategy: normal, platformName: mac, proxy: Proxy(), setWindowRect: true, strictFileInteractability: false, timeouts: {implicit: 0, pageLoad: 300000, script: 30000}, unhandledPromptBehavior: dismiss and notify, userAgent: Mozilla/5.0 (Macintosh; Int...}
Element: [[FirefoxDriver: firefox on mac (d1722aa3-3c47-487f-807a-33b64a1a8ea7)] -> css selector: [routerlink*='cart']]
Session ID: d1722aa3-3c47-487f-807a-33b64a1a8ea7
	at org.openqa.selenium.remote.ErrorCodec.decode(ErrorCodec.java:169)
	at org.openqa.selenium.remote.codec.w3c.W3CHttpResponseCodec.decode(W3CHttpResponseCodec.java:142)
	at org.openqa.selenium.remote.codec.w3c.W3CHttpResponseCodec.decode(W3CHttpResponseCodec.java:49)
	at org.openqa.selenium.remote.HttpCommandExecutor.execute(HttpCommandExecutor.java:223)
	at org.openqa.selenium.remote.service.DriverCommandExecutor.invokeExecute(DriverCommandExecutor.java:216)
	at org.openqa.selenium.remote.service.DriverCommandExecutor.execute(DriverCommandExecutor.java:174)
	at org.openqa.selenium.remote.RemoteWebDriver.execute(RemoteWebDriver.java:604)
	at org.openqa.selenium.remote.RemoteWebElement.execute(RemoteWebElement.java:223)
	at org.openqa.selenium.remote.RemoteWebElement.click(RemoteWebElement.java:76)
	at java.base/jdk.internal.reflect.DirectMethodHandleAccessor.invoke(DirectMethodHandleAccessor.java:104)
	at java.base/java.lang.reflect.Method.invoke(Method.java:565)
	at org.openqa.selenium.support.pagefactory.internal.LocatingElementHandler.invoke(LocatingElementHandler.java:51)
	at jdk.proxy2/jdk.proxy2.$Proxy21.click(Unknown Source)
	at rahulshettyacademy.AbstractComponents.AbstractComponent.goToCartPage(AbstractComponent.java:54)
	at rahulshettyacademy.stepDefinitions.StepDefinitionImp.checkout_and_submit_the_order(StepDefinitionImp.java:49)
	at ✽.Checkout ZARA COAT 3 and submit the order(file:///Users/rajputx/eclipse-workspace/SeleniumFrameworkDesign/src/test/java/cucumber/SubmitOrder.feature:13)
]]></failure>
  </testcase>
</testsuite>