<?xml version="1.0" encoding="UTF-8"?>
<!-- Generated by org.testng.reporters.JUnitReportReporter -->
<testsuite hostname="Himanshus-MacBook-Pro.local" failures="0" tests="3" name="rahulshettyacademy.Test.SubmitOrderTest" time="30.302" errors="0" timestamp="2026-02-27T21:14:52 GMT+05:30" skipped="0">
  <testcase classname="rahulshettyacademy.Test.SubmitOrderTest" name="submitOrder" time="14.302"/>
  <testcase classname="rahulshettyacademy.Test.SubmitOrderTest" name="orderHistoryTest" time="4.509"/>
  <testcase classname="rahulshettyacademy.Test.SubmitOrderTest" name="submitOrder" time="11.491"/>
</testsuite> <!-- rahulshettyacademy.Test.SubmitOrderTest -->
